<?xml version="1.0" encoding="UTF-8"?>
<TestRun id="533f8410-e062-48a2-a8b8-c8bbd0e68480" name="rosen@DESKTOP-7MOBQBS 2019-12-13 11:03:50" runUser="DESKTOP-7MOBQBS\rosen" xmlns="http://microsoft.com/schemas/VisualStudio/TeamTest/2010">
  <TestSettings name="Local" id="6a8507cf-6f11-4766-b96a-4723efafde01">
    <Description>These are default test settings for a local test run.</Description>
    <Deployment enabled="false" runDeploymentRoot="rosen_DESKTOP-7MOBQBS 2019-12-13 11_03_50">
      <DeploymentItem filename="C:\Users\rosen\Documents\Visual Studio 2010\Projects\ConsoleApplication1\ConsoleApplication1\bin\Debug\ConsoleApplication1.exe" />
    </Deployment>
    <Execution>
      <TestTypeSpecific />
      <AgentRule name="Execution Agents">
      </AgentRule>
    </Execution>
  </TestSettings>
  <Times creation="2019-12-13T11:03:50.7280221+02:00" queuing="2019-12-13T11:03:51.9890297+02:00" start="2019-12-13T11:03:51.9930540+02:00" finish="2019-12-13T11:03:53.8400777+02:00" />
  <ResultSummary outcome="Completed">
    <Counters total="11" executed="11" passed="11" error="0" failed="0" timeout="0" aborted="0" inconclusive="0" passedButRunAborted="0" notRunnable="0" notExecuted="0" disconnected="0" warning="0" completed="0" inProgress="0" pending="0" />
  </ResultSummary>
  <TestDefinitions>
    <UnitTest name="TooShortInput4" storage="c:\users\rosen\documents\visual studio 2010\projects\consoleapplication1\testproject1\bin\debug\testproject1.dll" id="8df69ff8-f383-2b96-c168-aa94fd4db8ac">
      <Execution id="1ef8fae3-691f-4e67-b940-9ee3d5378742" />
      <TestMethod codeBase="C:/Users/rosen/Documents/Visual Studio 2010/Projects/ConsoleApplication1/TestProject1/bin/Debug/TestProject1.DLL" adapterTypeName="Microsoft.VisualStudio.TestTools.TestTypes.Unit.UnitTestAdapter, Microsoft.VisualStudio.QualityTools.Tips.UnitTest.Adapter, Version=10.0.0.0, Culture=neutral, PublicKeyToken=b03f5f7f11d50a3a" className="TestProject1.validityTest, TestProject1, Version=1.0.0.0, Culture=neutral, PublicKeyToken=null" name="TooShortInput4" />
    </UnitTest>
    <UnitTest name="TooLongInput4" storage="c:\users\rosen\documents\visual studio 2010\projects\consoleapplication1\testproject1\bin\debug\testproject1.dll" id="e0f478b4-5658-7e2c-1f88-299186ab3b7d">
      <Execution id="6e037264-85d5-4817-838c-8f13ec8193d0" />
      <TestMethod codeBase="C:/Users/rosen/Documents/Visual Studio 2010/Projects/ConsoleApplication1/TestProject1/bin/Debug/TestProject1.DLL" adapterTypeName="Microsoft.VisualStudio.TestTools.TestTypes.Unit.UnitTestAdapter, Microsoft.VisualStudio.QualityTools.Tips.UnitTest.Adapter, Version=10.0.0.0, Culture=neutral, PublicKeyToken=b03f5f7f11d50a3a" className="TestProject1.validityTest, TestProject1, Version=1.0.0.0, Culture=neutral, PublicKeyToken=null" name="TooLongInput4" />
    </UnitTest>
    <UnitTest name="IsValidChars9" storage="c:\users\rosen\documents\visual studio 2010\projects\consoleapplication1\testproject1\bin\debug\testproject1.dll" id="c45e9aa7-d85c-1ada-48c9-de6b4914d6b2">
      <Execution id="479b9f7d-8cae-43bb-b5d4-9ac208f0b94e" />
      <TestMethod codeBase="C:/Users/rosen/Documents/Visual Studio 2010/Projects/ConsoleApplication1/TestProject1/bin/Debug/TestProject1.DLL" adapterTypeName="Microsoft.VisualStudio.TestTools.TestTypes.Unit.UnitTestAdapter, Microsoft.VisualStudio.QualityTools.Tips.UnitTest.Adapter, Version=10.0.0.0, Culture=neutral, PublicKeyToken=b03f5f7f11d50a3a" className="TestProject1.validityTest, TestProject1, Version=1.0.0.0, Culture=neutral, PublicKeyToken=null" name="IsValidChars9" />
    </UnitTest>
    <UnitTest name="IsValidChars16" storage="c:\users\rosen\documents\visual studio 2010\projects\consoleapplication1\testproject1\bin\debug\testproject1.dll" id="2372d109-2360-1d26-7465-0d23f8f9b151">
      <Execution id="1e714c91-70f6-4c1e-8089-0e3bcb6217ad" />
      <TestMethod codeBase="C:/Users/rosen/Documents/Visual Studio 2010/Projects/ConsoleApplication1/TestProject1/bin/Debug/TestProject1.DLL" adapterTypeName="Microsoft.VisualStudio.TestTools.TestTypes.Unit.UnitTestAdapter, Microsoft.VisualStudio.QualityTools.Tips.UnitTest.Adapter, Version=10.0.0.0, Culture=neutral, PublicKeyToken=b03f5f7f11d50a3a" className="TestProject1.validityTest, TestProject1, Version=1.0.0.0, Culture=neutral, PublicKeyToken=null" name="IsValidChars16" />
    </UnitTest>
    <UnitTest name="UnSolveAbleTest9" storage="c:\users\rosen\documents\visual studio 2010\projects\consoleapplication1\testproject1\bin\debug\testproject1.dll" id="0ca53926-0d94-0769-9ce7-b663926f1250">
      <Execution id="87c5517f-1dff-4231-8a45-817b3484f66e" />
      <TestMethod codeBase="C:/Users/rosen/Documents/Visual Studio 2010/Projects/ConsoleApplication1/TestProject1/bin/Debug/TestProject1.DLL" adapterTypeName="Microsoft.VisualStudio.TestTools.TestTypes.Unit.UnitTestAdapter, Microsoft.VisualStudio.QualityTools.Tips.UnitTest.Adapter, Version=10.0.0.0, Culture=neutral, PublicKeyToken=b03f5f7f11d50a3a" className="TestProject1.solvingTest, TestProject1, Version=1.0.0.0, Culture=neutral, PublicKeyToken=null" name="UnSolveAbleTest9" />
    </UnitTest>
    <UnitTest name="TooLongInput16" storage="c:\users\rosen\documents\visual studio 2010\projects\consoleapplication1\testproject1\bin\debug\testproject1.dll" id="97c72afe-f547-9d65-d0c5-62d7d7259d26">
      <Execution id="354b058e-1aaf-43e1-ad11-7833dfae2fbf" />
      <TestMethod codeBase="C:/Users/rosen/Documents/Visual Studio 2010/Projects/ConsoleApplication1/TestProject1/bin/Debug/TestProject1.DLL" adapterTypeName="Microsoft.VisualStudio.TestTools.TestTypes.Unit.UnitTestAdapter, Microsoft.VisualStudio.QualityTools.Tips.UnitTest.Adapter, Version=10.0.0.0, Culture=neutral, PublicKeyToken=b03f5f7f11d50a3a" className="TestProject1.validityTest, TestProject1, Version=1.0.0.0, Culture=neutral, PublicKeyToken=null" name="TooLongInput16" />
    </UnitTest>
    <UnitTest name="IsValidChars4" storage="c:\users\rosen\documents\visual studio 2010\projects\consoleapplication1\testproject1\bin\debug\testproject1.dll" id="329e78eb-e663-a6e9-caf1-bd2844d2ddc2">
      <Execution id="f2179a7e-7955-4591-9a0d-ef7173e71986" />
      <TestMethod codeBase="C:/Users/rosen/Documents/Visual Studio 2010/Projects/ConsoleApplication1/TestProject1/bin/Debug/TestProject1.DLL" adapterTypeName="Microsoft.VisualStudio.TestTools.TestTypes.Unit.UnitTestAdapter, Microsoft.VisualStudio.QualityTools.Tips.UnitTest.Adapter, Version=10.0.0.0, Culture=neutral, PublicKeyToken=b03f5f7f11d50a3a" className="TestProject1.validityTest, TestProject1, Version=1.0.0.0, Culture=neutral, PublicKeyToken=null" name="IsValidChars4" />
    </UnitTest>
    <UnitTest name="TooLongInput9" storage="c:\users\rosen\documents\visual studio 2010\projects\consoleapplication1\testproject1\bin\debug\testproject1.dll" id="2187cdc3-0661-7ce4-9090-eb62f45b3e43">
      <Execution id="0977fb39-1c89-4fb1-acce-e2d8e59f11ff" />
      <TestMethod codeBase="C:/Users/rosen/Documents/Visual Studio 2010/Projects/ConsoleApplication1/TestProject1/bin/Debug/TestProject1.DLL" adapterTypeName="Microsoft.VisualStudio.TestTools.TestTypes.Unit.UnitTestAdapter, Microsoft.VisualStudio.QualityTools.Tips.UnitTest.Adapter, Version=10.0.0.0, Culture=neutral, PublicKeyToken=b03f5f7f11d50a3a" className="TestProject1.validityTest, TestProject1, Version=1.0.0.0, Culture=neutral, PublicKeyToken=null" name="TooLongInput9" />
    </UnitTest>
    <UnitTest name="TooShortInput9" storage="c:\users\rosen\documents\visual studio 2010\projects\consoleapplication1\testproject1\bin\debug\testproject1.dll" id="17a26a32-da8c-6c11-7dca-e5909634cd62">
      <Execution id="cf930aae-93fc-41d0-958e-bc450e642def" />
      <TestMethod codeBase="C:/Users/rosen/Documents/Visual Studio 2010/Projects/ConsoleApplication1/TestProject1/bin/Debug/TestProject1.DLL" adapterTypeName="Microsoft.VisualStudio.TestTools.TestTypes.Unit.UnitTestAdapter, Microsoft.VisualStudio.QualityTools.Tips.UnitTest.Adapter, Version=10.0.0.0, Culture=neutral, PublicKeyToken=b03f5f7f11d50a3a" className="TestProject1.validityTest, TestProject1, Version=1.0.0.0, Culture=neutral, PublicKeyToken=null" name="TooShortInput9" />
    </UnitTest>
    <UnitTest name="TooShortInput16" storage="c:\users\rosen\documents\visual studio 2010\projects\consoleapplication1\testproject1\bin\debug\testproject1.dll" id="cbd87823-e818-d66d-fe7c-320bdad5bddc">
      <Execution id="acf92644-b7fd-4ff2-9763-4d44daa8ad46" />
      <TestMethod codeBase="C:/Users/rosen/Documents/Visual Studio 2010/Projects/ConsoleApplication1/TestProject1/bin/Debug/TestProject1.DLL" adapterTypeName="Microsoft.VisualStudio.TestTools.TestTypes.Unit.UnitTestAdapter, Microsoft.VisualStudio.QualityTools.Tips.UnitTest.Adapter, Version=10.0.0.0, Culture=neutral, PublicKeyToken=b03f5f7f11d50a3a" className="TestProject1.validityTest, TestProject1, Version=1.0.0.0, Culture=neutral, PublicKeyToken=null" name="TooShortInput16" />
    </UnitTest>
    <UnitTest name="UnSolveAbleTest4" storage="c:\users\rosen\documents\visual studio 2010\projects\consoleapplication1\testproject1\bin\debug\testproject1.dll" id="eaea01ee-f5e5-d37a-8a1a-c4f303d171e3">
      <Execution id="722f6ad7-4e1f-4ad7-91ae-1389b573be8c" />
      <TestMethod codeBase="C:/Users/rosen/Documents/Visual Studio 2010/Projects/ConsoleApplication1/TestProject1/bin/Debug/TestProject1.DLL" adapterTypeName="Microsoft.VisualStudio.TestTools.TestTypes.Unit.UnitTestAdapter, Microsoft.VisualStudio.QualityTools.Tips.UnitTest.Adapter, Version=10.0.0.0, Culture=neutral, PublicKeyToken=b03f5f7f11d50a3a" className="TestProject1.solvingTest, TestProject1, Version=1.0.0.0, Culture=neutral, PublicKeyToken=null" name="UnSolveAbleTest4" />
    </UnitTest>
  </TestDefinitions>
  <TestLists>
    <TestList name="Results Not in a List" id="8c84fa94-04c1-424b-9868-57a2d4851a1d" />
    <TestList name="All Loaded Results" id="19431567-8539-422a-85d7-44ee4e166bda" />
  </TestLists>
  <TestEntries>
    <TestEntry testId="0ca53926-0d94-0769-9ce7-b663926f1250" executionId="87c5517f-1dff-4231-8a45-817b3484f66e" testListId="8c84fa94-04c1-424b-9868-57a2d4851a1d" />
    <TestEntry testId="17a26a32-da8c-6c11-7dca-e5909634cd62" executionId="cf930aae-93fc-41d0-958e-bc450e642def" testListId="8c84fa94-04c1-424b-9868-57a2d4851a1d" />
    <TestEntry testId="2187cdc3-0661-7ce4-9090-eb62f45b3e43" executionId="0977fb39-1c89-4fb1-acce-e2d8e59f11ff" testListId="8c84fa94-04c1-424b-9868-57a2d4851a1d" />
    <TestEntry testId="2372d109-2360-1d26-7465-0d23f8f9b151" executionId="1e714c91-70f6-4c1e-8089-0e3bcb6217ad" testListId="8c84fa94-04c1-424b-9868-57a2d4851a1d" />
    <TestEntry testId="329e78eb-e663-a6e9-caf1-bd2844d2ddc2" executionId="f2179a7e-7955-4591-9a0d-ef7173e71986" testListId="8c84fa94-04c1-424b-9868-57a2d4851a1d" />
    <TestEntry testId="8df69ff8-f383-2b96-c168-aa94fd4db8ac" executionId="1ef8fae3-691f-4e67-b940-9ee3d5378742" testListId="8c84fa94-04c1-424b-9868-57a2d4851a1d" />
    <TestEntry testId="97c72afe-f547-9d65-d0c5-62d7d7259d26" executionId="354b058e-1aaf-43e1-ad11-7833dfae2fbf" testListId="8c84fa94-04c1-424b-9868-57a2d4851a1d" />
    <TestEntry testId="c45e9aa7-d85c-1ada-48c9-de6b4914d6b2" executionId="479b9f7d-8cae-43bb-b5d4-9ac208f0b94e" testListId="8c84fa94-04c1-424b-9868-57a2d4851a1d" />
    <TestEntry testId="cbd87823-e818-d66d-fe7c-320bdad5bddc" executionId="acf92644-b7fd-4ff2-9763-4d44daa8ad46" testListId="8c84fa94-04c1-424b-9868-57a2d4851a1d" />
    <TestEntry testId="e0f478b4-5658-7e2c-1f88-299186ab3b7d" executionId="6e037264-85d5-4817-838c-8f13ec8193d0" testListId="8c84fa94-04c1-424b-9868-57a2d4851a1d" />
    <TestEntry testId="eaea01ee-f5e5-d37a-8a1a-c4f303d171e3" executionId="722f6ad7-4e1f-4ad7-91ae-1389b573be8c" testListId="8c84fa94-04c1-424b-9868-57a2d4851a1d" />
  </TestEntries>
  <Results>
    <UnitTestResult executionId="87c5517f-1dff-4231-8a45-817b3484f66e" testId="0ca53926-0d94-0769-9ce7-b663926f1250" testName="UnSolveAbleTest9" computerName="DESKTOP-7MOBQBS" duration="00:00:01.5312674" startTime="2019-12-13T11:03:52.0010143+02:00" endTime="2019-12-13T11:03:53.7213952+02:00" testType="13cdc9d9-ddb5-4fa4-a97d-d965ccfc6d4b" outcome="Passed" testListId="8c84fa94-04c1-424b-9868-57a2d4851a1d" relativeResultsDirectory="87c5517f-1dff-4231-8a45-817b3484f66e">
      <Output>
        <StdOut>516   849   732
   307   605   000
   809   700   065

   135   060   907
   472   591   006
   968   370   050

   253   186   074
   684   207   500
   791   050   608

--------------------------------------------------

   090   107   000
   010   090   045
   003   200   000

   300   000   060
   062   000   300
   005   000   009

   000   602   000
   000   000   000
   049   000   057

--------------------------------------------------

unsolveable
   496   157   832
   218   396   745
   753   284   196

   374   928   561
   962   415   378
   185   763   429

   531   672   984
   827   549   613
   649   831   257

--------------------------------------------------</StdOut>
      </Output>
    </UnitTestResult>
    <UnitTestResult executionId="cf930aae-93fc-41d0-958e-bc450e642def" testId="17a26a32-da8c-6c11-7dca-e5909634cd62" testName="TooShortInput9" computerName="DESKTOP-7MOBQBS" duration="00:00:00.0010849" startTime="2019-12-13T11:03:53.7273777+02:00" endTime="2019-12-13T11:03:53.7323654+02:00" testType="13cdc9d9-ddb5-4fa4-a97d-d965ccfc6d4b" outcome="Passed" testListId="8c84fa94-04c1-424b-9868-57a2d4851a1d" relativeResultsDirectory="cf930aae-93fc-41d0-958e-bc450e642def">
      <Output>
        <StdOut>the length of the board is not possible
79</StdOut>
      </Output>
    </UnitTestResult>
    <UnitTestResult executionId="0977fb39-1c89-4fb1-acce-e2d8e59f11ff" testId="2187cdc3-0661-7ce4-9090-eb62f45b3e43" testName="TooLongInput9" computerName="DESKTOP-7MOBQBS" duration="00:00:00.0001781" startTime="2019-12-13T11:03:53.7403432+02:00" endTime="2019-12-13T11:03:53.7443469+02:00" testType="13cdc9d9-ddb5-4fa4-a97d-d965ccfc6d4b" outcome="Passed" testListId="8c84fa94-04c1-424b-9868-57a2d4851a1d" relativeResultsDirectory="0977fb39-1c89-4fb1-acce-e2d8e59f11ff">
      <Output>
        <StdOut>the length of the board is not possible
82</StdOut>
      </Output>
    </UnitTestResult>
    <UnitTestResult executionId="1e714c91-70f6-4c1e-8089-0e3bcb6217ad" testId="2372d109-2360-1d26-7465-0d23f8f9b151" testName="IsValidChars16" computerName="DESKTOP-7MOBQBS" duration="00:00:00.0001496" startTime="2019-12-13T11:03:53.7503469+02:00" endTime="2019-12-13T11:03:53.7553032+02:00" testType="13cdc9d9-ddb5-4fa4-a97d-d965ccfc6d4b" outcome="Passed" testListId="8c84fa94-04c1-424b-9868-57a2d4851a1d" relativeResultsDirectory="1e714c91-70f6-4c1e-8089-0e3bcb6217ad">
    </UnitTestResult>
    <UnitTestResult executionId="f2179a7e-7955-4591-9a0d-ef7173e71986" testId="329e78eb-e663-a6e9-caf1-bd2844d2ddc2" testName="IsValidChars4" computerName="DESKTOP-7MOBQBS" duration="00:00:00.0001743" startTime="2019-12-13T11:03:53.7612896+02:00" endTime="2019-12-13T11:03:53.7652769+02:00" testType="13cdc9d9-ddb5-4fa4-a97d-d965ccfc6d4b" outcome="Passed" testListId="8c84fa94-04c1-424b-9868-57a2d4851a1d" relativeResultsDirectory="f2179a7e-7955-4591-9a0d-ef7173e71986">
    </UnitTestResult>
    <UnitTestResult executionId="1ef8fae3-691f-4e67-b940-9ee3d5378742" testId="8df69ff8-f383-2b96-c168-aa94fd4db8ac" testName="TooShortInput4" computerName="DESKTOP-7MOBQBS" duration="00:00:00.0001456" startTime="2019-12-13T11:03:53.7702965+02:00" endTime="2019-12-13T11:03:53.7742899+02:00" testType="13cdc9d9-ddb5-4fa4-a97d-d965ccfc6d4b" outcome="Passed" testListId="8c84fa94-04c1-424b-9868-57a2d4851a1d" relativeResultsDirectory="1ef8fae3-691f-4e67-b940-9ee3d5378742">
      <Output>
        <StdOut>the length of the board is not possible
15</StdOut>
      </Output>
    </UnitTestResult>
    <UnitTestResult executionId="354b058e-1aaf-43e1-ad11-7833dfae2fbf" testId="97c72afe-f547-9d65-d0c5-62d7d7259d26" testName="TooLongInput16" computerName="DESKTOP-7MOBQBS" duration="00:00:00.0004208" startTime="2019-12-13T11:03:53.7812452+02:00" endTime="2019-12-13T11:03:53.7862341+02:00" testType="13cdc9d9-ddb5-4fa4-a97d-d965ccfc6d4b" outcome="Passed" testListId="8c84fa94-04c1-424b-9868-57a2d4851a1d" relativeResultsDirectory="354b058e-1aaf-43e1-ad11-7833dfae2fbf">
      <Output>
        <StdOut>the length of the board is not possible
257</StdOut>
      </Output>
    </UnitTestResult>
    <UnitTestResult executionId="479b9f7d-8cae-43bb-b5d4-9ac208f0b94e" testId="c45e9aa7-d85c-1ada-48c9-de6b4914d6b2" testName="IsValidChars9" computerName="DESKTOP-7MOBQBS" duration="00:00:00.0001685" startTime="2019-12-13T11:03:53.7922189+02:00" endTime="2019-12-13T11:03:53.7971915+02:00" testType="13cdc9d9-ddb5-4fa4-a97d-d965ccfc6d4b" outcome="Passed" testListId="8c84fa94-04c1-424b-9868-57a2d4851a1d" relativeResultsDirectory="479b9f7d-8cae-43bb-b5d4-9ac208f0b94e">
    </UnitTestResult>
    <UnitTestResult executionId="acf92644-b7fd-4ff2-9763-4d44daa8ad46" testId="cbd87823-e818-d66d-fe7c-320bdad5bddc" testName="TooShortInput16" computerName="DESKTOP-7MOBQBS" duration="00:00:00.0001670" startTime="2019-12-13T11:03:53.8021784+02:00" endTime="2019-12-13T11:03:53.8062041+02:00" testType="13cdc9d9-ddb5-4fa4-a97d-d965ccfc6d4b" outcome="Passed" testListId="8c84fa94-04c1-424b-9868-57a2d4851a1d" relativeResultsDirectory="acf92644-b7fd-4ff2-9763-4d44daa8ad46">
      <Output>
        <StdOut>the length of the board is not possible
255</StdOut>
      </Output>
    </UnitTestResult>
    <UnitTestResult executionId="6e037264-85d5-4817-838c-8f13ec8193d0" testId="e0f478b4-5658-7e2c-1f88-299186ab3b7d" testName="TooLongInput4" computerName="DESKTOP-7MOBQBS" duration="00:00:00.0001918" startTime="2019-12-13T11:03:53.8111556+02:00" endTime="2019-12-13T11:03:53.8151776+02:00" testType="13cdc9d9-ddb5-4fa4-a97d-d965ccfc6d4b" outcome="Passed" testListId="8c84fa94-04c1-424b-9868-57a2d4851a1d" relativeResultsDirectory="6e037264-85d5-4817-838c-8f13ec8193d0">
      <Output>
        <StdOut>the length of the board is not possible
17</StdOut>
      </Output>
    </UnitTestResult>
    <UnitTestResult executionId="722f6ad7-4e1f-4ad7-91ae-1389b573be8c" testId="eaea01ee-f5e5-d37a-8a1a-c4f303d171e3" testName="UnSolveAbleTest4" computerName="DESKTOP-7MOBQBS" duration="00:00:00.0002609" startTime="2019-12-13T11:03:53.8211281+02:00" endTime="2019-12-13T11:03:53.8251531+02:00" testType="13cdc9d9-ddb5-4fa4-a97d-d965ccfc6d4b" outcome="Passed" testListId="8c84fa94-04c1-424b-9868-57a2d4851a1d" relativeResultsDirectory="722f6ad7-4e1f-4ad7-91ae-1389b573be8c">
      <Output>
        <StdOut>00   02
   10   00

   02   00
   00   20

--------------------------------------------------

   00   10
   30   00

   03   00
   00   02

--------------------------------------------------

unsolveable
   42   13
   31   24

   23   41
   14   32

--------------------------------------------------</StdOut>
      </Output>
    </UnitTestResult>
  </Results>
</TestRun>