<?xml version="1.0" encoding="UTF-8"?>
<TestRun id="7381f860-b008-4e45-8ab1-4f55a1a54219" name="rosen@DESKTOP-7MOBQBS 2019-12-12 10:10:31" runUser="DESKTOP-7MOBQBS\rosen" xmlns="http://microsoft.com/schemas/VisualStudio/TeamTest/2010">
  <TestSettings name="Local" id="6a8507cf-6f11-4766-b96a-4723efafde01">
    <Description>These are default test settings for a local test run.</Description>
    <Deployment enabled="false" runDeploymentRoot="rosen_DESKTOP-7MOBQBS 2019-12-12 10_10_31">
      <DeploymentItem filename="C:\Users\rosen\Documents\Visual Studio 2010\Projects\ConsoleApplication1\ConsoleApplication1\bin\Debug\ConsoleApplication1.exe" />
    </Deployment>
    <Execution>
      <TestTypeSpecific />
      <AgentRule name="Execution Agents">
      </AgentRule>
    </Execution>
  </TestSettings>
  <Times creation="2019-12-12T10:10:31.4209829+02:00" queuing="2019-12-12T10:10:32.6480952+02:00" start="2019-12-12T10:10:32.7424572+02:00" finish="2019-12-12T11:29:08.3906035+02:00" />
  <ResultSummary outcome="Timeout">
    <Counters total="12" executed="12" passed="11" error="0" failed="0" timeout="1" aborted="0" inconclusive="0" passedButRunAborted="0" notRunnable="0" notExecuted="0" disconnected="0" warning="0" completed="0" inProgress="0" pending="0" />
  </ResultSummary>
  <TestDefinitions>
    <UnitTest name="TooLongInput9" storage="c:\users\rosen\documents\visual studio 2010\projects\consoleapplication1\testproject1\bin\debug\testproject1.dll" id="0fa96e07-476d-d6c1-9f52-2dfdd2e84eeb">
      <Execution id="596075b7-93aa-49ea-99ad-271e72825df3" />
      <TestMethod codeBase="C:/Users/rosen/Documents/Visual Studio 2010/Projects/ConsoleApplication1/TestProject1/bin/Debug/TestProject1.DLL" adapterTypeName="Microsoft.VisualStudio.TestTools.TestTypes.Unit.UnitTestAdapter, Microsoft.VisualStudio.QualityTools.Tips.UnitTest.Adapter, Version=10.0.0.0, Culture=neutral, PublicKeyToken=b03f5f7f11d50a3a" className="TestProject1.UnitTest1, TestProject1, Version=1.0.0.0, Culture=neutral, PublicKeyToken=null" name="TooLongInput9" />
    </UnitTest>
    <UnitTest name="UnSolveAbleTest9" storage="c:\users\rosen\documents\visual studio 2010\projects\consoleapplication1\testproject1\bin\debug\testproject1.dll" id="aa01f0ec-be9f-b238-7556-02c6df73055b">
      <Execution id="416795fa-9a9a-4f62-8c62-4f4b2123af4d" />
      <TestMethod codeBase="C:/Users/rosen/Documents/Visual Studio 2010/Projects/ConsoleApplication1/TestProject1/bin/Debug/TestProject1.DLL" adapterTypeName="Microsoft.VisualStudio.TestTools.TestTypes.Unit.UnitTestAdapter, Microsoft.VisualStudio.QualityTools.Tips.UnitTest.Adapter, Version=10.0.0.0, Culture=neutral, PublicKeyToken=b03f5f7f11d50a3a" className="TestProject1.UnitTest1, TestProject1, Version=1.0.0.0, Culture=neutral, PublicKeyToken=null" name="UnSolveAbleTest9" />
    </UnitTest>
    <UnitTest name="IsValidChars16" storage="c:\users\rosen\documents\visual studio 2010\projects\consoleapplication1\testproject1\bin\debug\testproject1.dll" id="83631cdc-e25d-c9a4-d195-dec52c8c3d4c">
      <Execution id="61156ac1-53f9-4d43-9043-621e86776d63" />
      <TestMethod codeBase="C:/Users/rosen/Documents/Visual Studio 2010/Projects/ConsoleApplication1/TestProject1/bin/Debug/TestProject1.DLL" adapterTypeName="Microsoft.VisualStudio.TestTools.TestTypes.Unit.UnitTestAdapter, Microsoft.VisualStudio.QualityTools.Tips.UnitTest.Adapter, Version=10.0.0.0, Culture=neutral, PublicKeyToken=b03f5f7f11d50a3a" className="TestProject1.UnitTest1, TestProject1, Version=1.0.0.0, Culture=neutral, PublicKeyToken=null" name="IsValidChars16" />
    </UnitTest>
    <UnitTest name="TooLongInput4" storage="c:\users\rosen\documents\visual studio 2010\projects\consoleapplication1\testproject1\bin\debug\testproject1.dll" id="110d0422-0b81-fad3-bac2-c7220089d299">
      <Execution id="f6d8bfaa-08d2-4a8c-a033-9d0fbc08e99e" />
      <TestMethod codeBase="C:/Users/rosen/Documents/Visual Studio 2010/Projects/ConsoleApplication1/TestProject1/bin/Debug/TestProject1.DLL" adapterTypeName="Microsoft.VisualStudio.TestTools.TestTypes.Unit.UnitTestAdapter, Microsoft.VisualStudio.QualityTools.Tips.UnitTest.Adapter, Version=10.0.0.0, Culture=neutral, PublicKeyToken=b03f5f7f11d50a3a" className="TestProject1.UnitTest1, TestProject1, Version=1.0.0.0, Culture=neutral, PublicKeyToken=null" name="TooLongInput4" />
    </UnitTest>
    <UnitTest name="TooShortInput16" storage="c:\users\rosen\documents\visual studio 2010\projects\consoleapplication1\testproject1\bin\debug\testproject1.dll" id="0667b2cd-4a30-8cfd-4b49-163a152ca617">
      <Execution id="4fe32dda-b598-4b01-a044-9fe40a8fe11c" />
      <TestMethod codeBase="C:/Users/rosen/Documents/Visual Studio 2010/Projects/ConsoleApplication1/TestProject1/bin/Debug/TestProject1.DLL" adapterTypeName="Microsoft.VisualStudio.TestTools.TestTypes.Unit.UnitTestAdapter, Microsoft.VisualStudio.QualityTools.Tips.UnitTest.Adapter, Version=10.0.0.0, Culture=neutral, PublicKeyToken=b03f5f7f11d50a3a" className="TestProject1.UnitTest1, TestProject1, Version=1.0.0.0, Culture=neutral, PublicKeyToken=null" name="TooShortInput16" />
    </UnitTest>
    <UnitTest name="TooShortInput9" storage="c:\users\rosen\documents\visual studio 2010\projects\consoleapplication1\testproject1\bin\debug\testproject1.dll" id="6a7a1a3d-9f5b-5b71-372f-2a3facba3214">
      <Execution id="e9318daa-073c-4623-9e03-dd295672d695" />
      <TestMethod codeBase="C:/Users/rosen/Documents/Visual Studio 2010/Projects/ConsoleApplication1/TestProject1/bin/Debug/TestProject1.DLL" adapterTypeName="Microsoft.VisualStudio.TestTools.TestTypes.Unit.UnitTestAdapter, Microsoft.VisualStudio.QualityTools.Tips.UnitTest.Adapter, Version=10.0.0.0, Culture=neutral, PublicKeyToken=b03f5f7f11d50a3a" className="TestProject1.UnitTest1, TestProject1, Version=1.0.0.0, Culture=neutral, PublicKeyToken=null" name="TooShortInput9" />
    </UnitTest>
    <UnitTest name="UnSolveAbleTest16" storage="c:\users\rosen\documents\visual studio 2010\projects\consoleapplication1\testproject1\bin\debug\testproject1.dll" id="51a81c74-3e53-ee88-346f-1aeaaecc244e">
      <Execution id="02e3673a-fac5-4be5-a454-4454d818ece2" />
      <TestMethod codeBase="C:/Users/rosen/Documents/Visual Studio 2010/Projects/ConsoleApplication1/TestProject1/bin/Debug/TestProject1.DLL" adapterTypeName="Microsoft.VisualStudio.TestTools.TestTypes.Unit.UnitTestAdapter, Microsoft.VisualStudio.QualityTools.Tips.UnitTest.Adapter, Version=10.0.0.0, Culture=neutral, PublicKeyToken=b03f5f7f11d50a3a" className="TestProject1.UnitTest1, TestProject1, Version=1.0.0.0, Culture=neutral, PublicKeyToken=null" name="UnSolveAbleTest16" />
    </UnitTest>
    <UnitTest name="IsValidChars4" storage="c:\users\rosen\documents\visual studio 2010\projects\consoleapplication1\testproject1\bin\debug\testproject1.dll" id="af16c9d9-29cf-8696-09a4-2eea48e43890">
      <Execution id="38440e5a-7f44-46ea-b48e-63e10699a325" />
      <TestMethod codeBase="C:/Users/rosen/Documents/Visual Studio 2010/Projects/ConsoleApplication1/TestProject1/bin/Debug/TestProject1.DLL" adapterTypeName="Microsoft.VisualStudio.TestTools.TestTypes.Unit.UnitTestAdapter, Microsoft.VisualStudio.QualityTools.Tips.UnitTest.Adapter, Version=10.0.0.0, Culture=neutral, PublicKeyToken=b03f5f7f11d50a3a" className="TestProject1.UnitTest1, TestProject1, Version=1.0.0.0, Culture=neutral, PublicKeyToken=null" name="IsValidChars4" />
    </UnitTest>
    <UnitTest name="IsValidChars9" storage="c:\users\rosen\documents\visual studio 2010\projects\consoleapplication1\testproject1\bin\debug\testproject1.dll" id="70253c72-fb57-c723-4f01-d7ecb1260d2c">
      <Execution id="291dc150-0803-45bc-93d4-350abd0d9a58" />
      <TestMethod codeBase="C:/Users/rosen/Documents/Visual Studio 2010/Projects/ConsoleApplication1/TestProject1/bin/Debug/TestProject1.DLL" adapterTypeName="Microsoft.VisualStudio.TestTools.TestTypes.Unit.UnitTestAdapter, Microsoft.VisualStudio.QualityTools.Tips.UnitTest.Adapter, Version=10.0.0.0, Culture=neutral, PublicKeyToken=b03f5f7f11d50a3a" className="TestProject1.UnitTest1, TestProject1, Version=1.0.0.0, Culture=neutral, PublicKeyToken=null" name="IsValidChars9" />
    </UnitTest>
    <UnitTest name="TooShortInput4" storage="c:\users\rosen\documents\visual studio 2010\projects\consoleapplication1\testproject1\bin\debug\testproject1.dll" id="eb3989e4-a9b2-0003-e25a-b77ae978707e">
      <Execution id="217080f1-c0bf-450f-9d8c-620f05cfdda2" />
      <TestMethod codeBase="C:/Users/rosen/Documents/Visual Studio 2010/Projects/ConsoleApplication1/TestProject1/bin/Debug/TestProject1.DLL" adapterTypeName="Microsoft.VisualStudio.TestTools.TestTypes.Unit.UnitTestAdapter, Microsoft.VisualStudio.QualityTools.Tips.UnitTest.Adapter, Version=10.0.0.0, Culture=neutral, PublicKeyToken=b03f5f7f11d50a3a" className="TestProject1.UnitTest1, TestProject1, Version=1.0.0.0, Culture=neutral, PublicKeyToken=null" name="TooShortInput4" />
    </UnitTest>
    <UnitTest name="TooLongInput16" storage="c:\users\rosen\documents\visual studio 2010\projects\consoleapplication1\testproject1\bin\debug\testproject1.dll" id="b5e460df-e97a-6ee2-0de1-1ad24a562320">
      <Execution id="e32ea359-2a0b-4ce6-b96e-bed1d41c47d0" />
      <TestMethod codeBase="C:/Users/rosen/Documents/Visual Studio 2010/Projects/ConsoleApplication1/TestProject1/bin/Debug/TestProject1.DLL" adapterTypeName="Microsoft.VisualStudio.TestTools.TestTypes.Unit.UnitTestAdapter, Microsoft.VisualStudio.QualityTools.Tips.UnitTest.Adapter, Version=10.0.0.0, Culture=neutral, PublicKeyToken=b03f5f7f11d50a3a" className="TestProject1.UnitTest1, TestProject1, Version=1.0.0.0, Culture=neutral, PublicKeyToken=null" name="TooLongInput16" />
    </UnitTest>
    <UnitTest name="UnSolveAbleTest4" storage="c:\users\rosen\documents\visual studio 2010\projects\consoleapplication1\testproject1\bin\debug\testproject1.dll" id="b4cd5e0b-9f57-379c-9c72-b04d4849fea1">
      <Execution id="0aee681a-7d00-4330-828e-ddb5786c9290" />
      <TestMethod codeBase="C:/Users/rosen/Documents/Visual Studio 2010/Projects/ConsoleApplication1/TestProject1/bin/Debug/TestProject1.DLL" adapterTypeName="Microsoft.VisualStudio.TestTools.TestTypes.Unit.UnitTestAdapter, Microsoft.VisualStudio.QualityTools.Tips.UnitTest.Adapter, Version=10.0.0.0, Culture=neutral, PublicKeyToken=b03f5f7f11d50a3a" className="TestProject1.UnitTest1, TestProject1, Version=1.0.0.0, Culture=neutral, PublicKeyToken=null" name="UnSolveAbleTest4" />
    </UnitTest>
  </TestDefinitions>
  <TestLists>
    <TestList name="Results Not in a List" id="8c84fa94-04c1-424b-9868-57a2d4851a1d" />
    <TestList name="All Loaded Results" id="19431567-8539-422a-85d7-44ee4e166bda" />
  </TestLists>
  <TestEntries>
    <TestEntry testId="0667b2cd-4a30-8cfd-4b49-163a152ca617" executionId="4fe32dda-b598-4b01-a044-9fe40a8fe11c" testListId="8c84fa94-04c1-424b-9868-57a2d4851a1d" />
    <TestEntry testId="0fa96e07-476d-d6c1-9f52-2dfdd2e84eeb" executionId="596075b7-93aa-49ea-99ad-271e72825df3" testListId="8c84fa94-04c1-424b-9868-57a2d4851a1d" />
    <TestEntry testId="110d0422-0b81-fad3-bac2-c7220089d299" executionId="f6d8bfaa-08d2-4a8c-a033-9d0fbc08e99e" testListId="8c84fa94-04c1-424b-9868-57a2d4851a1d" />
    <TestEntry testId="51a81c74-3e53-ee88-346f-1aeaaecc244e" executionId="02e3673a-fac5-4be5-a454-4454d818ece2" testListId="8c84fa94-04c1-424b-9868-57a2d4851a1d" />
    <TestEntry testId="6a7a1a3d-9f5b-5b71-372f-2a3facba3214" executionId="e9318daa-073c-4623-9e03-dd295672d695" testListId="8c84fa94-04c1-424b-9868-57a2d4851a1d" />
    <TestEntry testId="70253c72-fb57-c723-4f01-d7ecb1260d2c" executionId="291dc150-0803-45bc-93d4-350abd0d9a58" testListId="8c84fa94-04c1-424b-9868-57a2d4851a1d" />
    <TestEntry testId="83631cdc-e25d-c9a4-d195-dec52c8c3d4c" executionId="61156ac1-53f9-4d43-9043-621e86776d63" testListId="8c84fa94-04c1-424b-9868-57a2d4851a1d" />
    <TestEntry testId="aa01f0ec-be9f-b238-7556-02c6df73055b" executionId="416795fa-9a9a-4f62-8c62-4f4b2123af4d" testListId="8c84fa94-04c1-424b-9868-57a2d4851a1d" />
    <TestEntry testId="af16c9d9-29cf-8696-09a4-2eea48e43890" executionId="38440e5a-7f44-46ea-b48e-63e10699a325" testListId="8c84fa94-04c1-424b-9868-57a2d4851a1d" />
    <TestEntry testId="b4cd5e0b-9f57-379c-9c72-b04d4849fea1" executionId="0aee681a-7d00-4330-828e-ddb5786c9290" testListId="8c84fa94-04c1-424b-9868-57a2d4851a1d" />
    <TestEntry testId="b5e460df-e97a-6ee2-0de1-1ad24a562320" executionId="e32ea359-2a0b-4ce6-b96e-bed1d41c47d0" testListId="8c84fa94-04c1-424b-9868-57a2d4851a1d" />
    <TestEntry testId="eb3989e4-a9b2-0003-e25a-b77ae978707e" executionId="217080f1-c0bf-450f-9d8c-620f05cfdda2" testListId="8c84fa94-04c1-424b-9868-57a2d4851a1d" />
  </TestEntries>
  <Results>
    <UnitTestResult executionId="4fe32dda-b598-4b01-a044-9fe40a8fe11c" testId="0667b2cd-4a30-8cfd-4b49-163a152ca617" testName="TooShortInput16" computerName="DESKTOP-7MOBQBS" duration="00:00:00.0376495" startTime="2019-12-12T10:10:32.7727918+02:00" endTime="2019-12-12T10:10:33.0656495+02:00" testType="13cdc9d9-ddb5-4fa4-a97d-d965ccfc6d4b" outcome="Passed" testListId="8c84fa94-04c1-424b-9868-57a2d4851a1d" relativeResultsDirectory="4fe32dda-b598-4b01-a044-9fe40a8fe11c">
      <Output>
        <StdOut>the length of the board is not possible
255</StdOut>
      </Output>
    </UnitTestResult>
    <UnitTestResult executionId="596075b7-93aa-49ea-99ad-271e72825df3" testId="0fa96e07-476d-d6c1-9f52-2dfdd2e84eeb" testName="TooLongInput9" computerName="DESKTOP-7MOBQBS" duration="00:00:00.0006148" startTime="2019-12-12T10:10:33.0834387+02:00" endTime="2019-12-12T10:10:33.0976652+02:00" testType="13cdc9d9-ddb5-4fa4-a97d-d965ccfc6d4b" outcome="Passed" testListId="8c84fa94-04c1-424b-9868-57a2d4851a1d" relativeResultsDirectory="596075b7-93aa-49ea-99ad-271e72825df3">
      <Output>
        <StdOut>the length of the board is not possible
82</StdOut>
      </Output>
    </UnitTestResult>
    <UnitTestResult executionId="f6d8bfaa-08d2-4a8c-a033-9d0fbc08e99e" testId="110d0422-0b81-fad3-bac2-c7220089d299" testName="TooLongInput4" computerName="DESKTOP-7MOBQBS" duration="00:00:00.0006405" startTime="2019-12-12T10:10:33.1123567+02:00" endTime="2019-12-12T10:10:33.1264356+02:00" testType="13cdc9d9-ddb5-4fa4-a97d-d965ccfc6d4b" outcome="Passed" testListId="8c84fa94-04c1-424b-9868-57a2d4851a1d" relativeResultsDirectory="f6d8bfaa-08d2-4a8c-a033-9d0fbc08e99e">
      <Output>
        <StdOut>the length of the board is not possible
17</StdOut>
      </Output>
    </UnitTestResult>
    <UnitTestResult executionId="02e3673a-fac5-4be5-a454-4454d818ece2" testId="51a81c74-3e53-ee88-346f-1aeaaecc244e" testName="UnSolveAbleTest16" computerName="DESKTOP-7MOBQBS" duration="01:18:23.4934737" startTime="2019-12-12T10:10:33.1392875+02:00" endTime="2019-12-12T11:28:56.6327612+02:00" testType="13cdc9d9-ddb5-4fa4-a97d-d965ccfc6d4b" outcome="Timeout" testListId="8c84fa94-04c1-424b-9868-57a2d4851a1d" relativeResultsDirectory="02e3673a-fac5-4be5-a454-4454d818ece2">
      <Output>
        <StdOut>1902   3400   &lt;060   0070
   0080   0070   0300   9:6;
   0&lt;00   :001   0=0;   00&gt;0
   300?   200&gt;   0009   00&lt;0

   =000   800:   0&lt;20   1?00
   0;76   000@   000?   005=
   000:   05?0   0408   00;0
   @005   9&lt;00   1000   0080

   0200   000=   00&lt;5   8003
   0=00   ?030   0&gt;80   @000
   5800   1000   2000   =9?0
   00&lt;4   06@0   =007   0005

   0300   &lt;000   6004   ;00@
   0700   @050   &gt;001   0020
   ;1?9   00=0   0200   0&gt;00
   0&gt;00   0;02   00=3   500&lt;

--------------------------------------------------

   1002   3400   &lt;060   0070
   0080   0070   0300   9:6;
   0&lt;00   :001   0=0;   00&gt;0
   300?   200&gt;   0009   00&lt;0

   =000   800:   0&lt;20   1?00
   0;76   000@   000?   005=
   000:   05?0   0408   00;0
   @005   9&lt;00   1000   0080

   0200   000=   00&lt;5   8003
   0=00   ?030   0&gt;80   @000
   5800   1000   2000   =9?0
   00&lt;4   06@0   =007   0005

   0300   &lt;000   6004   ;00@
   0700   @050   &gt;001   0020
   ;1?9   00=0   0200   0&gt;00
   0&gt;00   0;02   00=3   500&lt;

--------------------------------------------------

unsolveable</StdOut>
        <ErrorInfo>
          <Message>Test 'UnSolveAbleTest16' exceeded execution timeout period.</Message>
        </ErrorInfo>
      </Output>
    </UnitTestResult>
    <UnitTestResult executionId="e9318daa-073c-4623-9e03-dd295672d695" testId="6a7a1a3d-9f5b-5b71-372f-2a3facba3214" testName="TooShortInput9" computerName="DESKTOP-7MOBQBS" duration="00:00:00.0012451" startTime="2019-12-12T11:29:03.0246701+02:00" endTime="2019-12-12T11:29:03.0725410+02:00" testType="13cdc9d9-ddb5-4fa4-a97d-d965ccfc6d4b" outcome="Passed" testListId="8c84fa94-04c1-424b-9868-57a2d4851a1d" relativeResultsDirectory="e9318daa-073c-4623-9e03-dd295672d695">
      <Output>
        <StdOut>the length of the board is not possible
79</StdOut>
      </Output>
    </UnitTestResult>
    <UnitTestResult executionId="291dc150-0803-45bc-93d4-350abd0d9a58" testId="70253c72-fb57-c723-4f01-d7ecb1260d2c" testName="IsValidChars9" computerName="DESKTOP-7MOBQBS" duration="00:00:00.0012579" startTime="2019-12-12T11:29:03.1313834+02:00" endTime="2019-12-12T11:29:03.1553211+02:00" testType="13cdc9d9-ddb5-4fa4-a97d-d965ccfc6d4b" outcome="Passed" testListId="8c84fa94-04c1-424b-9868-57a2d4851a1d" relativeResultsDirectory="291dc150-0803-45bc-93d4-350abd0d9a58">
    </UnitTestResult>
    <UnitTestResult executionId="61156ac1-53f9-4d43-9043-621e86776d63" testId="83631cdc-e25d-c9a4-d195-dec52c8c3d4c" testName="IsValidChars16" computerName="DESKTOP-7MOBQBS" duration="00:00:00.0153676" startTime="2019-12-12T11:29:03.2141637+02:00" endTime="2019-12-12T11:29:03.2650287+02:00" testType="13cdc9d9-ddb5-4fa4-a97d-d965ccfc6d4b" outcome="Passed" testListId="8c84fa94-04c1-424b-9868-57a2d4851a1d" relativeResultsDirectory="61156ac1-53f9-4d43-9043-621e86776d63">
    </UnitTestResult>
    <UnitTestResult executionId="416795fa-9a9a-4f62-8c62-4f4b2123af4d" testId="aa01f0ec-be9f-b238-7556-02c6df73055b" testName="UnSolveAbleTest9" computerName="DESKTOP-7MOBQBS" duration="00:00:04.8611863" startTime="2019-12-12T11:29:03.3398266+02:00" endTime="2019-12-12T11:29:08.2198204+02:00" testType="13cdc9d9-ddb5-4fa4-a97d-d965ccfc6d4b" outcome="Passed" testListId="8c84fa94-04c1-424b-9868-57a2d4851a1d" relativeResultsDirectory="416795fa-9a9a-4f62-8c62-4f4b2123af4d">
      <Output>
        <StdOut>516   849   732
   307   605   000
   809   700   065

   135   060   907
   472   591   006
   968   370   050

   253   186   074
   684   207   500
   791   050   608

--------------------------------------------------

   090   107   000
   010   090   045
   003   200   000

   300   000   060
   062   000   300
   005   000   009

   000   602   000
   000   000   000
   049   000   057

--------------------------------------------------

unsolveable
   496   157   832
   218   396   745
   753   284   196

   374   928   561
   962   415   378
   185   763   429

   531   672   984
   827   549   613
   649   831   257

--------------------------------------------------</StdOut>
      </Output>
    </UnitTestResult>
    <UnitTestResult executionId="38440e5a-7f44-46ea-b48e-63e10699a325" testId="af16c9d9-29cf-8696-09a4-2eea48e43890" testName="IsValidChars4" computerName="DESKTOP-7MOBQBS" duration="00:00:00.0003542" startTime="2019-12-12T11:29:08.2619474+02:00" endTime="2019-12-12T11:29:08.2719682+02:00" testType="13cdc9d9-ddb5-4fa4-a97d-d965ccfc6d4b" outcome="Passed" testListId="8c84fa94-04c1-424b-9868-57a2d4851a1d" relativeResultsDirectory="38440e5a-7f44-46ea-b48e-63e10699a325">
    </UnitTestResult>
    <UnitTestResult executionId="0aee681a-7d00-4330-828e-ddb5786c9290" testId="b4cd5e0b-9f57-379c-9c72-b04d4849fea1" testName="UnSolveAbleTest4" computerName="DESKTOP-7MOBQBS" duration="00:00:00.0007501" startTime="2019-12-12T11:29:08.2849258+02:00" endTime="2019-12-12T11:29:08.2948625+02:00" testType="13cdc9d9-ddb5-4fa4-a97d-d965ccfc6d4b" outcome="Passed" testListId="8c84fa94-04c1-424b-9868-57a2d4851a1d" relativeResultsDirectory="0aee681a-7d00-4330-828e-ddb5786c9290">
      <Output>
        <StdOut>00   02
   10   00

   02   00
   00   20

--------------------------------------------------

   00   10
   30   00

   03   00
   00   02

--------------------------------------------------

unsolveable
   42   13
   31   24

   23   41
   14   32

--------------------------------------------------</StdOut>
      </Output>
    </UnitTestResult>
    <UnitTestResult executionId="e32ea359-2a0b-4ce6-b96e-bed1d41c47d0" testId="b5e460df-e97a-6ee2-0de1-1ad24a562320" testName="TooLongInput16" computerName="DESKTOP-7MOBQBS" duration="00:00:00.0003807" startTime="2019-12-12T11:29:08.3078281+02:00" endTime="2019-12-12T11:29:08.3167983+02:00" testType="13cdc9d9-ddb5-4fa4-a97d-d965ccfc6d4b" outcome="Passed" testListId="8c84fa94-04c1-424b-9868-57a2d4851a1d" relativeResultsDirectory="e32ea359-2a0b-4ce6-b96e-bed1d41c47d0">
      <Output>
        <StdOut>the length of the board is not possible
257</StdOut>
      </Output>
    </UnitTestResult>
    <UnitTestResult executionId="217080f1-c0bf-450f-9d8c-620f05cfdda2" testId="eb3989e4-a9b2-0003-e25a-b77ae978707e" testName="TooShortInput4" computerName="DESKTOP-7MOBQBS" duration="00:00:00.0006290" startTime="2019-12-12T11:29:08.3297636+02:00" endTime="2019-12-12T11:29:08.3407398+02:00" testType="13cdc9d9-ddb5-4fa4-a97d-d965ccfc6d4b" outcome="Passed" testListId="8c84fa94-04c1-424b-9868-57a2d4851a1d" relativeResultsDirectory="217080f1-c0bf-450f-9d8c-620f05cfdda2">
      <Output>
        <StdOut>the length of the board is not possible
15</StdOut>
      </Output>
    </UnitTestResult>
  </Results>
</TestRun>